<?xml version="1.0" encoding="UTF-8"?>
<!-- Generated by org.testng.reporters.JUnitReportReporter -->
<testsuite hostname="DESKTOP-J9OJM1R" failures="0" tests="1" name="com.inetbanking.testCases.TC_LoginTest_001" time="3.275" errors="0" timestamp="2021-12-23T14:22:59 IST" skipped="0">
  <testcase classname="com.inetbanking.testCases.TC_LoginTest_001" name="logintest" time="3.275"/>
  <system-out/>
</testsuite> <!-- com.inetbanking.testCases.TC_LoginTest_001 -->
